<?xml version="1.0" encoding="UTF-8"?>
<!-- Generated by org.testng.reporters.JUnitReportReporter -->
<testsuite skipped="0" hostname="Zinnun" name="com.inetBanking.testCases.TC_LoginTest_002" tests="2" failures="0" timestamp="17 Jan 2021 17:08:01 GMT" time="17.824" errors="0">
  <testcase name="loginDDT" time="9.901" classname="com.inetBanking.testCases.TC_LoginTest_002"/>
  <testcase name="loginDDT" time="7.923" classname="com.inetBanking.testCases.TC_LoginTest_002"/>
</testsuite> <!-- com.inetBanking.testCases.TC_LoginTest_002 -->
