<?xml version="1.0" encoding="UTF-8"?>
<!-- Generated by org.testng.reporters.JUnitReportReporter -->
<testsuite skipped="0" hostname="Zinnun" name="com.inetBanking.testCases.TC_AddCustomer_003" tests="1" failures="0" timestamp="10 Jan 2021 16:26:47 GMT" time="27.246" errors="0">
  <testcase name="addNewCustomer" time="27.246" classname="com.inetBanking.testCases.TC_AddCustomer_003"/>
</testsuite> <!-- com.inetBanking.testCases.TC_AddCustomer_003 -->
