<?xml version="1.0" encoding="UTF-8"?>
<!-- Generated by org.testng.reporters.JUnitReportReporter -->
<testsuite skipped="0" hostname="Zinnun" name="com.inetBanking.testCases.TC_LoginTest_001" tests="1" failures="0" timestamp="08 Jan 2021 18:34:25 GMT" time="10.066" errors="0">
  <testcase name="loginTest" time="10.066" classname="com.inetBanking.testCases.TC_LoginTest_001"/>
</testsuite> <!-- com.inetBanking.testCases.TC_LoginTest_001 -->
