<?xml version="1.0" encoding="UTF-8"?>
<!-- Generated by org.testng.reporters.JUnitReportReporter -->
<testsuite skipped="0" hostname="Zinnun" name="com.inetBanking.testCases.TC_AddCustomer_003" tests="1" failures="0" timestamp="08 Jan 2021 18:34:25 GMT" time="19.404" errors="0">
  <testcase name="addNewCustomer" time="19.404" classname="com.inetBanking.testCases.TC_AddCustomer_003"/>
</testsuite> <!-- com.inetBanking.testCases.TC_AddCustomer_003 -->
