<?xml version="1.0" encoding="UTF-8"?>
<!-- Generated by org.testng.reporters.JUnitReportReporter -->
<testsuite skipped="0" hostname="Zinnun" name="com.inetBanking.testCases.TC_LoginTest_001" tests="1" failures="0" timestamp="02 Jan 2021 17:42:02 GMT" time="5.762" errors="0">
  <testcase name="loginTest" time="5.762" classname="com.inetBanking.testCases.TC_LoginTest_001"/>
</testsuite> <!-- com.inetBanking.testCases.TC_LoginTest_001 -->
